<?xml version="1.0" encoding="UTF-8"?>
<testsuite name="ComputerRepairRequestTest" tests="2" skipped="0" failures="0" errors="0" timestamp="2025-03-04T14:58:06" hostname="MacBook-Pro-Dan.local" time="0.007">
  <properties/>
  <testcase name="First test" classname="ComputerRepairRequestTest" time="0.006"/>
  <testcase name="Second test" classname="ComputerRepairRequestTest" time="0.001"/>
  <system-out><![CDATA[]]></system-out>
  <system-err><![CDATA[]]></system-err>
</testsuite>
